app/build/intermediates/manifest_merge_blame_file/debug/manifest-merger-blame-debug-report.txt
1<?xml version="1.0" encoding="utf-8"?>
2<manifest xmlns:android="http://schemas.android.com/apk/res/android"
3    package="com.example.memokeeper"
4    android:versionCode="1"
5    android:versionName="1.0" >
6
7    <uses-sdk
8        android:minSdkVersion="21"
8-->src/main/AndroidManifest.xml
9        android:targetSdkVersion="28" />
9-->src/main/AndroidManifest.xml
10
11    <uses-permission android:name="android.permission.READ_EXTERNAL_STORAGE" />
11-->src/main/AndroidManifest.xml:5:5-80
11-->src/main/AndroidManifest.xml:5:22-77
12    <uses-permission android:name="android.permission.WRITE_EXTERNAL_STORAGE" />
12-->src/main/AndroidManifest.xml:6:5-81
12-->src/main/AndroidManifest.xml:6:22-78
13
14    <application
14-->src/main/AndroidManifest.xml:8:5-42:19
15        android:name="androidx.multidex.MultiDexApplication"
15-->src/main/AndroidManifest.xml:15:9-61
16        android:allowBackup="true"
16-->src/main/AndroidManifest.xml:9:9-35
17        android:appComponentFactory="androidx.core.app.CoreComponentFactory"
17-->[androidx.core:core:1.0.1] AndroidManifest.xml:22:18-86
18        android:debuggable="true"
19        android:icon="@mipmap/ic_launcher"
19-->src/main/AndroidManifest.xml:10:9-43
20        android:label="@string/app_name"
20-->src/main/AndroidManifest.xml:11:9-41
21        android:roundIcon="@mipmap/ic_launcher_round"
21-->src/main/AndroidManifest.xml:12:9-54
22        android:supportsRtl="true"
22-->src/main/AndroidManifest.xml:13:9-35
23        android:testOnly="true"
24        android:theme="@style/AppTheme" >
24-->src/main/AndroidManifest.xml:14:9-40
25        <activity android:name="com.example.memokeeper.ProfilePage.SignInActivity" />
25-->src/main/AndroidManifest.xml:17:9-73
25-->src/main/AndroidManifest.xml:17:19-61
26
27        <provider
27-->src/main/AndroidManifest.xml:19:9-27:20
28            android:name="androidx.core.content.FileProvider"
28-->src/main/AndroidManifest.xml:20:13-62
29            android:authorities="com.example.memokeeper.FileProvider"
29-->src/main/AndroidManifest.xml:21:13-70
30            android:exported="false"
30-->src/main/AndroidManifest.xml:22:13-37
31            android:grantUriPermissions="true" >
31-->src/main/AndroidManifest.xml:23:13-47
32            <meta-data
32-->src/main/AndroidManifest.xml:24:13-26:54
33                android:name="android.support.FILE_PROVIDER_PATHS"
33-->src/main/AndroidManifest.xml:25:17-67
34                android:resource="@xml/file_paths" />
34-->src/main/AndroidManifest.xml:26:17-51
35        </provider>
36
37        <activity
37-->src/main/AndroidManifest.xml:29:9-31:48
38            android:name="com.example.memokeeper.MemoEditor.MemoEditActivity"
38-->src/main/AndroidManifest.xml:30:13-56
39            android:label="MemoEditActivity" />
39-->src/main/AndroidManifest.xml:31:13-45
40        <activity
40-->src/main/AndroidManifest.xml:32:9-34:51
41            android:name="com.example.memokeeper.ProfilePage.ProfilePageActivity"
41-->src/main/AndroidManifest.xml:33:13-60
42            android:label="ProfilePageActivity" />
42-->src/main/AndroidManifest.xml:34:13-48
43        <activity android:name="com.example.memokeeper.MainActivity" >
43-->src/main/AndroidManifest.xml:35:9-41:20
43-->src/main/AndroidManifest.xml:35:19-47
44            <intent-filter>
44-->src/main/AndroidManifest.xml:36:13-40:29
45                <action android:name="android.intent.action.MAIN" />
45-->src/main/AndroidManifest.xml:37:17-69
45-->src/main/AndroidManifest.xml:37:25-66
46
47                <category android:name="android.intent.category.LAUNCHER" />
47-->src/main/AndroidManifest.xml:39:17-77
47-->src/main/AndroidManifest.xml:39:27-74
48            </intent-filter>
49        </activity>
50        <activity
50-->[com.google.android.gms:play-services-auth:17.0.0] AndroidManifest.xml:23:9-27:75
51            android:name="com.google.android.gms.auth.api.signin.internal.SignInHubActivity"
51-->[com.google.android.gms:play-services-auth:17.0.0] AndroidManifest.xml:24:13-93
52            android:excludeFromRecents="true"
52-->[com.google.android.gms:play-services-auth:17.0.0] AndroidManifest.xml:25:13-46
53            android:exported="false"
53-->[com.google.android.gms:play-services-auth:17.0.0] AndroidManifest.xml:26:13-37
54            android:theme="@android:style/Theme.Translucent.NoTitleBar" />
54-->[com.google.android.gms:play-services-auth:17.0.0] AndroidManifest.xml:27:13-72
55        <!--
56            Service handling Google Sign-In user revocation. For apps that do not integrate with
57            Google Sign-In, this service will never be started.
58        -->
59        <service
59-->[com.google.android.gms:play-services-auth:17.0.0] AndroidManifest.xml:33:9-36:110
60            android:name="com.google.android.gms.auth.api.signin.RevocationBoundService"
60-->[com.google.android.gms:play-services-auth:17.0.0] AndroidManifest.xml:34:13-89
61            android:exported="true"
61-->[com.google.android.gms:play-services-auth:17.0.0] AndroidManifest.xml:35:13-36
62            android:permission="com.google.android.gms.auth.api.signin.permission.REVOCATION_NOTIFICATION" />
62-->[com.google.android.gms:play-services-auth:17.0.0] AndroidManifest.xml:36:13-107
63
64        <activity
64-->[com.google.android.gms:play-services-base:17.0.0] AndroidManifest.xml:23:9-26:75
65            android:name="com.google.android.gms.common.api.GoogleApiActivity"
65-->[com.google.android.gms:play-services-base:17.0.0] AndroidManifest.xml:24:13-79
66            android:exported="false"
66-->[com.google.android.gms:play-services-base:17.0.0] AndroidManifest.xml:25:13-37
67            android:theme="@android:style/Theme.Translucent.NoTitleBar" />
67-->[com.google.android.gms:play-services-base:17.0.0] AndroidManifest.xml:26:13-72
68
69        <meta-data
69-->[com.google.android.gms:play-services-basement:17.0.0] AndroidManifest.xml:23:9-25:69
70            android:name="com.google.android.gms.version"
70-->[com.google.android.gms:play-services-basement:17.0.0] AndroidManifest.xml:24:13-58
71            android:value="@integer/google_play_services_version" />
71-->[com.google.android.gms:play-services-basement:17.0.0] AndroidManifest.xml:25:13-66
72    </application>
73
74</manifest>